This is pdfTeX, Version 3.1415926-2.4-1.40.13 (TeX Live 2012/Debian) (format=pdflatex 2013.6.10)  15 JUN 2013 15:47
entering extended mode
 restricted \write18 enabled.
 %&-line parsing enabled.
**Codebook.tex
(./Codebook.tex
LaTeX2e <2011/06/27>
Babel <v3.8m> and hyphenation patterns for english, dumylang, nohyphenation, lo
aded.
(/usr/share/texlive/texmf-dist/tex/latex/base/report.cls
Document Class: report 2007/10/19 v1.4h Standard LaTeX document class
(/usr/share/texlive/texmf-dist/tex/latex/base/size10.clo
File: size10.clo 2007/10/19 v1.4h Standard LaTeX file (size option)
)
\c@part=\count79
\c@chapter=\count80
\c@section=\count81
\c@subsection=\count82
\c@subsubsection=\count83
\c@paragraph=\count84
\c@subparagraph=\count85
\c@figure=\count86
\c@table=\count87
\abovecaptionskip=\skip41
\belowcaptionskip=\skip42
\bibindent=\dimen102
)
(/usr/share/texlive/texmf-dist/tex/latex/listings/listings.sty
(/usr/share/texlive/texmf-dist/tex/latex/graphics/keyval.sty
Package: keyval 1999/03/16 v1.13 key=value parser (DPC)
\KV@toks@=\toks14
)
\lst@mode=\count88
\lst@gtempboxa=\box26
\lst@token=\toks15
\lst@length=\count89
\lst@currlwidth=\dimen103
\lst@column=\count90
\lst@pos=\count91
\lst@lostspace=\dimen104
\lst@width=\dimen105
\lst@newlines=\count92
\lst@lineno=\count93
\lst@maxwidth=\dimen106

(/usr/share/texlive/texmf-dist/tex/latex/listings/lstmisc.sty
File: lstmisc.sty 2007/02/22 1.4 (Carsten Heinz)
\c@lstnumber=\count94
\lst@skipnumbers=\count95
\lst@framebox=\box27
)
(/usr/share/texlive/texmf-dist/tex/latex/listings/listings.cfg
File: listings.cfg 2007/02/22 1.4 listings configuration
))
Package: listings 2007/02/22 1.4 (Carsten Heinz)

(/usr/share/texlive/texmf-dist/tex/latex/psnfss/courier.sty
Package: courier 2005/04/12 PSNFSS-v9.2a (WaS) 
)
(/usr/share/texlive/texmf-dist/tex/latex/graphics/color.sty
Package: color 2005/11/14 v1.0j Standard LaTeX Color (DPC)

(/usr/share/texlive/texmf-dist/tex/latex/latexconfig/color.cfg
File: color.cfg 2007/01/18 v1.5 color configuration of teTeX/TeXLive
)
Package color Info: Driver file: pdftex.def on input line 130.

(/usr/share/texlive/texmf-dist/tex/latex/pdftex-def/pdftex.def
File: pdftex.def 2011/05/27 v0.06d Graphics/color for pdfTeX

(/usr/share/texlive/texmf-dist/tex/generic/oberdiek/infwarerr.sty
Package: infwarerr 2010/04/08 v1.3 Providing info/warning/error messages (HO)
)
(/usr/share/texlive/texmf-dist/tex/generic/oberdiek/ltxcmds.sty
Package: ltxcmds 2011/11/09 v1.22 LaTeX kernel commands for general use (HO)
)
\Gread@gobject=\count96
))
(/usr/share/texlive/texmf-dist/tex/latex/caption/caption.sty
Package: caption 2012/02/19 v3.2f Customizing captions (AR)

(/usr/share/texlive/texmf-dist/tex/latex/caption/caption3.sty
Package: caption3 2012/01/12 v1.4b caption3 kernel (AR)
\captionmargin=\dimen107
\captionmargin@=\dimen108
\captionwidth=\dimen109
\caption@indent=\dimen110
\caption@parindent=\dimen111
\caption@hangindent=\dimen112
)
\c@ContinuedFloat=\count97
Package caption Info: listings package is loaded.
)
(/usr/share/texmf/tex/latex/xcolor/xcolor.sty
Package: xcolor 2007/01/21 v2.11 LaTeX color extensions (UK)

(/usr/share/texlive/texmf-dist/tex/latex/latexconfig/color.cfg
File: color.cfg 2007/01/18 v1.5 color configuration of teTeX/TeXLive
)
Package xcolor Info: Driver file: pdftex.def on input line 225.
LaTeX Info: Redefining \color on input line 702.
Package xcolor Info: Model `cmy' substituted by `cmy0' on input line 1337.
Package xcolor Info: Model `hsb' substituted by `rgb' on input line 1341.
Package xcolor Info: Model `RGB' extended on input line 1353.
Package xcolor Info: Model `HTML' substituted by `rgb' on input line 1355.
Package xcolor Info: Model `Hsb' substituted by `hsb' on input line 1356.
Package xcolor Info: Model `tHsb' substituted by `hsb' on input line 1357.
Package xcolor Info: Model `HSB' substituted by `hsb' on input line 1358.
Package xcolor Info: Model `Gray' substituted by `gray' on input line 1359.
Package xcolor Info: Model `wave' substituted by `hsb' on input line 1360.

(/usr/share/texlive/texmf-dist/tex/latex/graphics/dvipsnam.def
File: dvipsnam.def 1999/02/16 v3.0i Driver-dependant file (DPC,SPQR)
))
(/usr/share/texlive/texmf-dist/tex/latex/geometry/geometry.sty
Package: geometry 2010/09/12 v5.6 Page Geometry

(/usr/share/texlive/texmf-dist/tex/generic/oberdiek/ifpdf.sty
Package: ifpdf 2011/01/30 v2.3 Provides the ifpdf switch (HO)
Package ifpdf Info: pdfTeX in PDF mode is detected.
)
(/usr/share/texlive/texmf-dist/tex/generic/oberdiek/ifvtex.sty
Package: ifvtex 2010/03/01 v1.5 Detect VTeX and its facilities (HO)
Package ifvtex Info: VTeX not detected.
)
(/usr/share/texlive/texmf-dist/tex/generic/ifxetex/ifxetex.sty
Package: ifxetex 2010/09/12 v0.6 Provides ifxetex conditional
)
\Gm@cnth=\count98
\Gm@cntv=\count99
\c@Gm@tempcnt=\count100
\Gm@bindingoffset=\dimen113
\Gm@wd@mp=\dimen114
\Gm@odd@mp=\dimen115
\Gm@even@mp=\dimen116
\Gm@layoutwidth=\dimen117
\Gm@layoutheight=\dimen118
\Gm@layouthoffset=\dimen119
\Gm@layoutvoffset=\dimen120
\Gm@dimlist=\toks16
)

! LaTeX Error: File `titlesec.sty' not found.

Type X to quit or <RETURN> to proceed,
or enter new name. (Default extension: sty)

Enter file name: CodeBook

! LaTeX Error: File `CodeBook.sty' not found.

Type X to quit or <RETURN> to proceed,
or enter new name. (Default extension: sty)

Enter file name: CodeBook.pdf

! LaTeX Error: File `CodeBook.pdf' not found.

Type X to quit or <RETURN> to proceed,
or enter new name. (Default extension: pdf)

Enter file name: 
(/usr/share/texlive/texmf-dist/tex/latex/graphics/graphicx.sty
Package: graphicx 1999/02/16 v1.0f Enhanced LaTeX Graphics (DPC,SPQR)

(/usr/share/texlive/texmf-dist/tex/latex/graphics/graphics.sty
Package: graphics 2009/02/05 v1.0o Standard LaTeX Graphics (DPC,SPQR)

(/usr/share/texlive/texmf-dist/tex/latex/graphics/trig.sty
Package: trig 1999/03/16 v1.09 sin cos tan (DPC)
)
(/usr/share/texlive/texmf-dist/tex/latex/latexconfig/graphics.cfg
File: graphics.cfg 2010/04/23 v1.9 graphics configuration of TeX Live
)
Package graphics Info: Driver file: pdftex.def on input line 91.
)
\Gin@req@height=\dimen121
\Gin@req@width=\dimen122
)
! Undefined control sequence.
l.24 \titleformat
                 {\chapter}{\bf\LARGE}{\thechapter}{1em}{}
? 
! Argument of \@xdblarg has an extra }.
<inserted text> 
                \par 
l.24 \titleformat{\chapter}
                           {\bf\LARGE}{\thechapter}{1em}{}
? 
Runaway argument?
! Paragraph ended before \@xdblarg was complete.
<to be read again> 
                   \par 
l.24 \titleformat{\chapter}
                           {\bf\LARGE}{\thechapter}{1em}{}
? 

! LaTeX Error: Missing \begin{document}.

See the LaTeX manual or LaTeX Companion for explanation.
Type  H <return>  for immediate help.
 ...                                              
                                                  
l.24 \titleformat{\chapter}{\bf\LARGE}{\thechapter
                                                  }{1em}{}
? 
! Undefined control sequence.
l.25 \titleformat
                 {\section}{\bf\Large}{\thesection}{1em}{}
? 
! Argument of \@xdblarg has an extra }.
<inserted text> 
                \par 
l.25 \titleformat{\section}
                           {\bf\Large}{\thesection}{1em}{}
? 
Runaway argument?
! Paragraph ended before \@xdblarg was complete.
<to be read again> 
                   \par 
l.25 \titleformat{\section}
                           {\bf\Large}{\thesection}{1em}{}
? 

! LaTeX Error: Missing \begin{document}.

See the LaTeX manual or LaTeX Companion for explanation.
Type  H <return>  for immediate help.
 ...                                              
                                                  
l.25 \titleformat{\section}{\bf\Large}{\thesection
                                                  }{1em}{}
? 
! Undefined control sequence.
l.26 \titleformat
                 {\subsection}{\bf\large}{\thesubsection}{1em}{}
? 
! Argument of \@xdblarg has an extra }.
<inserted text> 
                \par 
l.26 \titleformat{\subsection}
                              {\bf\large}{\thesubsection}{1em}{}
? 
Runaway argument?
! Paragraph ended before \@xdblarg was complete.
<to be read again> 
                   \par 
l.26 \titleformat{\subsection}
                              {\bf\large}{\thesubsection}{1em}{}
? 

! LaTeX Error: Missing \begin{document}.

See the LaTeX manual or LaTeX Companion for explanation.
Type  H <return>  for immediate help.
 ...                                              
                                                  
l.26 ...mat{\subsection}{\bf\large}{\thesubsection
                                                  }{1em}{}
? 
(/usr/share/texlive/texmf-dist/tex/latex/listings/lstlang1.sty
File: lstlang1.sty 2004/09/05 1.3 listings language file
)
No file Codebook.aux.
\openout1 = `Codebook.aux'.

LaTeX Font Info:    Checking defaults for OML/cmm/m/it on input line 133.
LaTeX Font Info:    ... okay on input line 133.
LaTeX Font Info:    Checking defaults for T1/cmr/m/n on input line 133.
LaTeX Font Info:    ... okay on input line 133.
LaTeX Font Info:    Checking defaults for OT1/cmr/m/n on input line 133.
LaTeX Font Info:    ... okay on input line 133.
LaTeX Font Info:    Checking defaults for OMS/cmsy/m/n on input line 133.
LaTeX Font Info:    ... okay on input line 133.
LaTeX Font Info:    Checking defaults for OMX/cmex/m/n on input line 133.
LaTeX Font Info:    ... okay on input line 133.
LaTeX Font Info:    Checking defaults for U/cmr/m/n on input line 133.
LaTeX Font Info:    ... okay on input line 133.
\c@lstlisting=\count101
(/usr/share/texlive/texmf-dist/tex/context/base/supp-pdf.mkii
[Loading MPS to PDF converter (version 2006.09.02).]
\scratchcounter=\count102
\scratchdimen=\dimen123
\scratchbox=\box28
\nofMPsegments=\count103
\nofMParguments=\count104
\everyMPshowfont=\toks17
\MPscratchCnt=\count105
\MPscratchDim=\dimen124
\MPnumerator=\count106
\makeMPintoPDFobject=\count107
\everyMPtoPDFconversion=\toks18
)
Package caption Info: Begin \AtBeginDocument code.
Package caption Info: End \AtBeginDocument code.

*geometry* driver: auto-detecting
*geometry* detected driver: pdftex
*geometry* verbose mode - [ preamble ] result:
* driver: pdftex
* paper: <default>
* layout: <same size as paper>
* layoutoffset:(h,v)=(0.0pt,0.0pt)
* modes: 
* h-part:(L,W,R)=(72.26999pt, 469.75502pt, 72.26999pt)
* v-part:(T,H,B)=(72.26999pt, 650.43001pt, 72.26999pt)
* \paperwidth=614.295pt
* \paperheight=794.96999pt
* \textwidth=469.75502pt
* \textheight=650.43001pt
* \oddsidemargin=0.0pt
* \evensidemargin=0.0pt
* \topmargin=-37.0pt
* \headheight=12.0pt
* \headsep=25.0pt
* \topskip=10.0pt
* \footskip=30.0pt
* \marginparwidth=65.0pt
* \marginparsep=11.0pt
* \columnsep=10.0pt
* \skip\footins=9.0pt plus 4.0pt minus 2.0pt
* \hoffset=0.0pt
* \voffset=0.0pt
* \mag=1000
* \@twocolumnfalse
* \@twosidefalse
* \@mparswitchfalse
* \@reversemarginfalse
* (1in=72.27pt=25.4mm, 1cm=28.453pt)

(/usr/share/texlive/texmf-dist/tex/generic/oberdiek/pdftexcmds.sty
Package: pdftexcmds 2011/11/29 v0.20 Utility functions of pdfTeX for LuaTeX (HO
)

(/usr/share/texlive/texmf-dist/tex/generic/oberdiek/ifluatex.sty
Package: ifluatex 2010/03/01 v1.3 Provides the ifluatex switch (HO)
Package ifluatex Info: LuaTeX not detected.
)
Package pdftexcmds Info: LuaTeX not detected.
Package pdftexcmds Info: \pdf@primitive is available.
Package pdftexcmds Info: \pdf@ifprimitive is available.
Package pdftexcmds Info: \pdfdraftmode found.
)
(/usr/share/texlive/texmf-dist/tex/latex/oberdiek/epstopdf-base.sty
Package: epstopdf-base 2010/02/09 v2.5 Base part for package epstopdf

(/usr/share/texlive/texmf-dist/tex/latex/oberdiek/grfext.sty
Package: grfext 2010/08/19 v1.1 Manage graphics extensions (HO)

(/usr/share/texlive/texmf-dist/tex/generic/oberdiek/kvdefinekeys.sty
Package: kvdefinekeys 2011/04/07 v1.3 Define keys (HO)
))
(/usr/share/texlive/texmf-dist/tex/latex/oberdiek/kvoptions.sty
Package: kvoptions 2011/06/30 v3.11 Key value format for package options (HO)

(/usr/share/texlive/texmf-dist/tex/generic/oberdiek/kvsetkeys.sty
Package: kvsetkeys 2012/04/25 v1.16 Key value parser (HO)

(/usr/share/texlive/texmf-dist/tex/generic/oberdiek/etexcmds.sty
Package: etexcmds 2011/02/16 v1.5 Avoid name clashes with e-TeX commands (HO)
Package etexcmds Info: Could not find \expanded.
(etexcmds)             That can mean that you are not using pdfTeX 1.50 or
(etexcmds)             that some package has redefined \expanded.
(etexcmds)             In the latter case, load this package earlier.
)))
Package grfext Info: Graphics extension search list:
(grfext)             [.png,.pdf,.jpg,.mps,.jpeg,.jbig2,.jb2,.PNG,.PDF,.JPG,.JPE
G,.JBIG2,.JB2,.eps]
(grfext)             \AppendGraphicsExtensions on input line 452.

(/usr/share/texlive/texmf-dist/tex/latex/latexconfig/epstopdf-sys.cfg
File: epstopdf-sys.cfg 2010/07/13 v1.3 Configuration of (r)epstopdf for TeX Liv
e
))
(./Title.tex [1


{/var/lib/texmf/fonts/map/pdftex/updmap/pdftex.map}]
<Images/Sebastian.jpg, id=7, 1004.75375pt x 959.585pt>
File: Images/Sebastian.jpg Graphic file (type jpg)

<use Images/Sebastian.jpg>
Package pdftex.def Info: Images/Sebastian.jpg used on input line 30.
(pdftex.def)             Requested size: 251.18782pt x 239.89566pt.
 [1 <./Images/Sebastian.jpg>])
No file Codebook.toc.
\tf@toc=\write3
\openout3 = `Codebook.toc'.

(./Mathematics.tex [1

]
Chapter 1.
LaTeX Font Info:    External font `cmex10' loaded for size
(Font)              <7> on input line 13.
LaTeX Font Info:    External font `cmex10' loaded for size
(Font)              <5> on input line 13.
(/usr/share/texlive/texmf-dist/tex/latex/listings/lstlang1.sty
File: lstlang1.sty 2004/09/05 1.3 listings language file
)
(/usr/share/texlive/texmf-dist/tex/latex/listings/lstlang1.sty
File: lstlang1.sty 2004/09/05 1.3 listings language file
)
(/usr/share/texlive/texmf-dist/tex/latex/listings/lstmisc.sty
File: lstmisc.sty 2007/02/22 1.4 (Carsten Heinz)
)
Underfull \hbox (badness 10000) in paragraph at lines 29--32

 []


Overfull \hbox (6.0pt too wide) in paragraph at lines 32--32
[][][][][][][] 
 []

[2

]
LaTeX Font Info:    Try loading font information for OT1+pcr on input line 32.
 (/usr/share/texlive/texmf-dist/tex/latex/psnfss/ot1pcr.fd
File: ot1pcr.fd 2001/06/04 font definitions for OT1/pcr.
)
(./Code/calcFactorialC++.txt)
Underfull \hbox (badness 10000) in paragraph at lines 33--39

 []


Overfull \hbox (6.0pt too wide) in paragraph at lines 39--39
[][][][][][][] 
 []

(./Code/calcFactorialJava.txt)
Underfull \hbox (badness 10000) in paragraph at lines 40--43

 []


Overfull \hbox (6.0pt too wide) in paragraph at lines 43--43
[][][][][][][] 
 []

(./Code/countDigitsJava.txt) [3]
Underfull \hbox (badness 10000) in paragraph at lines 44--46

 []


Overfull \hbox (6.0pt too wide) in paragraph at lines 46--46
[][][][][][][] 
 []

(./Code/countZeroesJava.txt)
Overfull \hbox (6.0pt too wide) in paragraph at lines 73--73
[][][][][][][] 
 []

(./Code/calcCombinationsJava.txt)
Underfull \hbox (badness 10000) in paragraph at lines 74--78

 []


Overfull \hbox (6.0pt too wide) in paragraph at lines 79--79
[][][][][][][] 
 []

[4] (./Code/calcCombinationsC++.txt)
Underfull \hbox (badness 10000) in paragraph at lines 85--87

 []


Overfull \hbox (6.0pt too wide) in paragraph at lines 88--88
[][][][][][][] 
 []

(./Code/gcd.txt)
Overfull \hbox (6.0pt too wide) in paragraph at lines 104--104
[][][][][][][] 
 []

(./Code/extendedEuclidean.txt [5])
Underfull \hbox (badness 10000) in paragraph at lines 110--112

 []


Overfull \hbox (6.0pt too wide) in paragraph at lines 122--122
[][][][][][][] 
 []

(./Code/catalan.txt
LaTeX Font Info:    Font shape `OT1/pcr/m/it' in size <10> not available
(Font)              Font shape `OT1/pcr/m/sl' tried instead on input line 1.
)
Underfull \hbox (badness 10000) in paragraph at lines 127--129

 []


Overfull \hbox (6.0pt too wide) in paragraph at lines 130--130
[][][][][][][] 
 []

(./Code/primeSieve.txt)
Underfull \hbox (badness 10000) in paragraph at lines 136--140

 []


Underfull \hbox (badness 10000) in paragraph at lines 136--140

 []

[6]
Overfull \hbox (6.0pt too wide) in paragraph at lines 141--141
[][][][][][][] 
 []

(./Code/efficientModExp.txt)
Underfull \hbox (badness 10000) in paragraph at lines 147--151

 []


Underfull \hbox (badness 10000) in paragraph at lines 147--151

 []


Overfull \hbox (6.0pt too wide) in paragraph at lines 152--152
[][][][][][][] 
 []

(./Code/primeFactorizationC++.txt)
Underfull \hbox (badness 10000) in paragraph at lines 157--158

 []

[7]
Overfull \hbox (6.0pt too wide) in paragraph at lines 159--159
[][][][][][][] 
 []

(./Code/primalityTesting.txt)
Overfull \hbox (6.0pt too wide) in paragraph at lines 171--171
[][][][][][][] 
 []

(./Code/totient.txt [8])
Overfull \hbox (6.0pt too wide) in paragraph at lines 185--185
[][][][][][][] 
 []

(./Code/chineseRemainderTheoremJava.txt [9])
Overfull \hbox (6.0pt too wide) in paragraph at lines 193--193
[][][][][][][] 
 []

(./Code/perfectPowerTest.txt [10])
Missing character: There is no ‚ in font cmr10!
Missing character: There is no Ä in font cmr10!
Missing character: There is no ô in font cmr10!
Missing character: There is no ‚ in font cmr10!
Missing character: There is no Ä in font cmr10!
Missing character: There is no ô in font cmr10!

Overfull \hbox (6.0pt too wide) in paragraph at lines 207--207
[][][][][][][] 
 []

(./Code/frac2DecimalConversionC++.txt) [11]
Underfull \hbox (badness 10000) in paragraph at lines 213--223

 []


Underfull \hbox (badness 10000) in paragraph at lines 213--223

 []


Overfull \hbox (6.0pt too wide) in paragraph at lines 224--224
[][][][][][][] 
 []

(./Code/fastPythagoreanTripletGeneratorC++.txt) [12]
Overfull \hbox (6.0pt too wide) in paragraph at lines 238--238
[][][][][][][] 
 []

(./Code/matrixDeterminant.txt)
Underfull \hbox (badness 10000) in paragraph at lines 244--247

 []


Underfull \hbox (badness 10000) in paragraph at lines 244--247

 []


Overfull \hbox (6.0pt too wide) in paragraph at lines 248--248
[][][][][][][] 
 []

(./Code/matrixInverse.txt [13])) (./GraphAlgorithms.tex [14]
Chapter 2.

Underfull \hbox (badness 10000) in paragraph at lines 13--31

 []


Underfull \hbox (badness 10000) in paragraph at lines 13--31

 []


Overfull \hbox (6.0pt too wide) in paragraph at lines 32--32
[][][][][][][] 
 []

(./Code/BFSKnightJava.txt [15

])
Underfull \hbox (badness 10000) in paragraph at lines 37--38

 []


Overfull \hbox (6.0pt too wide) in paragraph at lines 39--39
[][][][][][][] 
 []

(./Code/BFSStepsJava.txt [16])
Underfull \hbox (badness 10000) in paragraph at lines 45--65

 []


Underfull \hbox (badness 10000) in paragraph at lines 45--65

 []

[17]
Overfull \hbox (6.0pt too wide) in paragraph at lines 66--66
[][][][][][][] 
 []

(./Code/DFSFloodFill.txt [18])
Underfull \hbox (badness 10000) in paragraph at lines 72--82

 []


Underfull \hbox (badness 10000) in paragraph at lines 72--82

 []


Overfull \hbox (6.0pt too wide) in paragraph at lines 83--83
[][][][][][][] 
 []

(./Code/DijkstrasC++.txt [19])
Overfull \hbox (6.0pt too wide) in paragraph at lines 94--94
[][][][][][][] 
 []

(./Code/FloydWarshall.txt)
Underfull \hbox (badness 10000) in paragraph at lines 100--106

 []


Underfull \hbox (badness 10000) in paragraph at lines 100--106

 []

[20]
Overfull \hbox (6.0pt too wide) in paragraph at lines 107--107
[][][][][][][] 
 []

(./Code/Prim.txt) [21]
Overfull \hbox (6.0pt too wide) in paragraph at lines 127--127
[][][][][][][] 
 []

(./Code/BellmanFord.txt)
Overfull \hbox (6.0pt too wide) in paragraph at lines 136--136
[][][][][][][] 
 []

(./Code/BridgeDetection.txt [22])
Overfull \hbox (6.0pt too wide) in paragraph at lines 145--145
[][][][][][][] 
 []

(./Code/ArticulationPointDetection.txt [23])
Overfull \hbox (6.0pt too wide) in paragraph at lines 155--155
[][][][][][][] 
 []

(./Code/MaxFlow.txt
Missing character: There is no ‚ in font pcrro7t!
Missing character: There is no Ä in font pcrro7t!
Missing character: There is no ô in font pcrro7t!
 [24])
Overfull \hbox (6.0pt too wide) in paragraph at lines 164--164
[][][][][][][] 
 []

(./Code/MinCostMaxFlow.txt [25])) (./Geometry.tex [26]
Chapter 3.

Underfull \hbox (badness 10000) in paragraph at lines 13--20

 []


Overfull \hbox (6.0pt too wide) in paragraph at lines 21--21
[][][][][][][] 
 []

(./Code/LineIntersection.txt) [27

]
Overfull \hbox (6.0pt too wide) in paragraph at lines 27--27
[][][][][][][] 
 []

(./Code/PointVector.txt)
Overfull \hbox (6.0pt too wide) in paragraph at lines 33--33
[][][][][][][] 
 []

(./Code/Circle.txt [28])
Overfull \hbox (6.0pt too wide) in paragraph at lines 39--39
[][][][][][][] 
 []

(./Code/MinimumEnclosingCircle.txt [29])
Overfull \hbox (6.0pt too wide) in paragraph at lines 45--45
[][][][][][][] 
 []

(./Code/ConvexHull.txt [30])
Overfull \hbox (6.0pt too wide) in paragraph at lines 56--56
[][][][][][][] 
 []

(./Code/LongitudeLatitude.txt [31])) (./DynamicProgramming.tex [32]
Chapter 4.

Underfull \hbox (badness 10000) in paragraph at lines 13--24

 []


Underfull \hbox (badness 10000) in paragraph at lines 13--24

 []


Overfull \hbox (6.0pt too wide) in paragraph at lines 25--25
[][][][][][][] 
 []

(./Code/unboundedKnapsack.txt)
Missing character: There is no ‚ in font cmr10!
Missing character: There is no Ä in font cmr10!
Missing character: There is no ô in font cmr10!

Underfull \hbox (badness 10000) in paragraph at lines 31--41

 []


Underfull \hbox (badness 10000) in paragraph at lines 31--41

 []

[33

]
Overfull \hbox (6.0pt too wide) in paragraph at lines 42--42
[][][][][][][] 
 []

(./Code/boundedKnapsack.txt)
Underfull \hbox (badness 10000) in paragraph at lines 64--70

 []


Underfull \hbox (badness 10000) in paragraph at lines 64--70

 []


Overfull \hbox (6.0pt too wide) in paragraph at lines 71--71
[][][][][][][] 
 []

(./Code/longestStrictlyIncreasingSubsequence.txt [34])
Overfull \hbox (6.0pt too wide) in paragraph at lines 81--81
[][][][][][][] 
 []

(./Code/longestCommonSubsequence.txt [35])
Overfull \hbox (6.0pt too wide) in paragraph at lines 89--89
[][][][][][][] 
 []

(./Code/longestCommonSubstring.txt)
Underfull \hbox (badness 10000) in paragraph at lines 95--99

 []


Overfull \hbox (6.0pt too wide) in paragraph at lines 100--100
[][][][][][][] 
 []

(./Code/maximumcontiguoussum.txt [36])
Overfull \hbox (6.0pt too wide) in paragraph at lines 124--124
[][][][][][][] 
 []

(./Code/LevenshteinDistance.txt) [37]) (./TreeDataStructures.tex [38]
Chapter 5.

Overfull \hbox (6.0pt too wide) in paragraph at lines 13--13
[][][][][][][] 
 []

(./Code/FenwickTree1D.txt [39

])
Overfull \hbox (6.0pt too wide) in paragraph at lines 15--15
[][][][][][][] 
 []

(./Code/FenwickTree2D.txt [40])
Overfull \hbox (6.0pt too wide) in paragraph at lines 21--21
[][][][][][][] 
 []

(./Code/Trie.txt)) (./Miscellaneous.tex [41]
Chapter 6.

Overfull \hbox (6.0pt too wide) in paragraph at lines 30--30
[][][][][][][] 
 []

(./Code/josephus.txt)
Overfull \hbox (6.0pt too wide) in paragraph at lines 36--36
[][][][][][][] 
 []

(./Code/PokerClass.txt [42

] [43])
Overfull \hbox (6.0pt too wide) in paragraph at lines 42--42
[][][][][][][] 
 []

(./Code/Dec2RomanNumeral.txt [44]
Missing character: There is no ‚ in font pcrr7t!
Missing character: There is no Ä in font pcrr7t!
Missing character: There is no ú in font pcrr7t!
Missing character: There is no ‚ in font pcrr7t!
Missing character: There is no Ä in font pcrr7t!
Missing character: There is no ù in font pcrr7t!
Missing character: There is no ‚ in font pcrr7t!
Missing character: There is no Ä in font pcrr7t!
Missing character: There is no ú in font pcrr7t!
Missing character: There is no ‚ in font pcrr7t!
Missing character: There is no Ä in font pcrr7t!
Missing character: There is no ù in font pcrr7t!
Missing character: There is no ‚ in font pcrr7t!
Missing character: There is no Ä in font pcrr7t!
Missing character: There is no ú in font pcrr7t!
Missing character: There is no ‚ in font pcrr7t!
Missing character: There is no Ä in font pcrr7t!
Missing character: There is no ù in font pcrr7t!
Missing character: There is no ‚ in font pcrr7t!
Missing character: There is no Ä in font pcrr7t!
Missing character: There is no ú in font pcrr7t!
Missing character: There is no ‚ in font pcrr7t!
Missing character: There is no Ä in font pcrr7t!
Missing character: There is no ù in font pcrr7t!
Missing character: There is no ‚ in font pcrr7t!
Missing character: There is no Ä in font pcrr7t!
Missing character: There is no ú in font pcrr7t!
Missing character: There is no ‚ in font pcrr7t!
Missing character: There is no Ä in font pcrr7t!
Missing character: There is no ù in font pcrr7t!
Missing character: There is no ‚ in font pcrr7t!
Missing character: There is no Ä in font pcrr7t!
Missing character: There is no ú in font pcrr7t!
Missing character: There is no ‚ in font pcrr7t!
Missing character: There is no Ä in font pcrr7t!
Missing character: There is no ù in font pcrr7t!
Missing character: There is no ‚ in font pcrr7t!
Missing character: There is no Ä in font pcrr7t!
Missing character: There is no ú in font pcrr7t!
Missing character: There is no ‚ in font pcrr7t!
Missing character: There is no Ä in font pcrr7t!
Missing character: There is no ù in font pcrr7t!
Missing character: There is no ‚ in font pcrr7t!
Missing character: There is no Ä in font pcrr7t!
Missing character: There is no ú in font pcrr7t!
Missing character: There is no ‚ in font pcrr7t!
Missing character: There is no Ä in font pcrr7t!
Missing character: There is no ù in font pcrr7t!
Missing character: There is no ‚ in font pcrr7t!
Missing character: There is no Ä in font pcrr7t!
Missing character: There is no ú in font pcrr7t!
Missing character: There is no ‚ in font pcrr7t!
Missing character: There is no Ä in font pcrr7t!
Missing character: There is no ù in font pcrr7t!
Missing character: There is no ‚ in font pcrr7t!
Missing character: There is no Ä in font pcrr7t!
Missing character: There is no ú in font pcrr7t!
Missing character: There is no ‚ in font pcrr7t!
Missing character: There is no Ä in font pcrr7t!
Missing character: There is no ù in font pcrr7t!
Missing character: There is no ‚ in font pcrr7t!
Missing character: There is no Ä in font pcrr7t!
Missing character: There is no ú in font pcrr7t!
Missing character: There is no ‚ in font pcrr7t!
Missing character: There is no Ä in font pcrr7t!
Missing character: There is no ù in font pcrr7t!
Missing character: There is no ‚ in font pcrr7t!
Missing character: There is no Ä in font pcrr7t!
Missing character: There is no ú in font pcrr7t!
Missing character: There is no ‚ in font pcrr7t!
Missing character: There is no Ä in font pcrr7t!
Missing character: There is no ù in font pcrr7t!
Missing character: There is no ‚ in font pcrr7t!
Missing character: There is no Ä in font pcrr7t!
Missing character: There is no ú in font pcrr7t!
Missing character: There is no ‚ in font pcrr7t!
Missing character: There is no Ä in font pcrr7t!
Missing character: There is no ù in font pcrr7t!
Missing character: There is no ‚ in font pcrr7t!
Missing character: There is no Ä in font pcrr7t!
Missing character: There is no ú in font pcrr7t!
Missing character: There is no ‚ in font pcrr7t!
Missing character: There is no Ä in font pcrr7t!
Missing character: There is no ù in font pcrr7t!
Missing character: There is no ‚ in font pcrr7t!
Missing character: There is no Ä in font pcrr7t!
Missing character: There is no ú in font pcrr7t!
Missing character: There is no ‚ in font pcrr7t!
Missing character: There is no Ä in font pcrr7t!
Missing character: There is no ù in font pcrr7t!
Missing character: There is no ‚ in font pcrr7t!
Missing character: There is no Ä in font pcrr7t!
Missing character: There is no ú in font pcrr7t!
Missing character: There is no ‚ in font pcrr7t!
Missing character: There is no Ä in font pcrr7t!
Missing character: There is no ù in font pcrr7t!
Missing character: There is no ‚ in font pcrr7t!
Missing character: There is no Ä in font pcrr7t!
Missing character: There is no ú in font pcrr7t!
Missing character: There is no ‚ in font pcrr7t!
Missing character: There is no Ä in font pcrr7t!
Missing character: There is no ù in font pcrr7t!
Missing character: There is no ‚ in font pcrr7t!
Missing character: There is no Ä in font pcrr7t!
Missing character: There is no ú in font pcrr7t!
Missing character: There is no ‚ in font pcrr7t!
Missing character: There is no Ä in font pcrr7t!
Missing character: There is no ù in font pcrr7t!
Missing character: There is no ‚ in font pcrr7t!
Missing character: There is no Ä in font pcrr7t!
Missing character: There is no ú in font pcrr7t!
Missing character: There is no ‚ in font pcrr7t!
Missing character: There is no Ä in font pcrr7t!
Missing character: There is no ù in font pcrr7t!
Missing character: There is no ‚ in font pcrr7t!
Missing character: There is no Ä in font pcrr7t!
Missing character: There is no ú in font pcrr7t!
Missing character: There is no ‚ in font pcrr7t!
Missing character: There is no Ä in font pcrr7t!
Missing character: There is no ù in font pcrr7t!
Missing character: There is no ‚ in font pcrr7t!
Missing character: There is no Ä in font pcrr7t!
Missing character: There is no ú in font pcrr7t!
Missing character: There is no ‚ in font pcrr7t!
Missing character: There is no Ä in font pcrr7t!
Missing character: There is no ù in font pcrr7t!
Missing character: There is no ‚ in font pcrr7t!
Missing character: There is no Ä in font pcrr7t!
Missing character: There is no ú in font pcrr7t!
Missing character: There is no ‚ in font pcrr7t!
Missing character: There is no Ä in font pcrr7t!
Missing character: There is no ù in font pcrr7t!
Missing character: There is no ‚ in font pcrr7t!
Missing character: There is no Ä in font pcrr7t!
Missing character: There is no ú in font pcrr7t!
Missing character: There is no ‚ in font pcrr7t!
Missing character: There is no Ä in font pcrr7t!
Missing character: There is no ù in font pcrr7t!
Missing character: There is no ‚ in font pcrr7t!
Missing character: There is no Ä in font pcrr7t!
Missing character: There is no ú in font pcrr7t!
Missing character: There is no ‚ in font pcrr7t!
Missing character: There is no Ä in font pcrr7t!
Missing character: There is no ù in font pcrr7t!
 [45])
Overfull \hbox (6.0pt too wide) in paragraph at lines 48--48
[][][][][][][] 
 []

(./Code/ExpressionParsing.txt [46] [47])) (./LanguageSpecificReferences.tex
[48]
Chapter 7.

Overfull \hbox (6.0pt too wide) in paragraph at lines 13--13
[][][][][][][] 
 []

(./Code/C++Startup.txt)
Overfull \hbox (6.0pt too wide) in paragraph at lines 20--20
[][][][][][][] 
 []

[49

] (./Code/JavaStartup.txt)) [50] (./Codebook.aux)

LaTeX Warning: Label(s) may have changed. Rerun to get cross-references right.

 ) 
Here is how much of TeX's memory you used:
 5999 strings out of 495059
 87153 string characters out of 3182030
 365036 words of memory out of 3000000
 8950 multiletter control sequences out of 15000+200000
 8108 words of font info for 29 fonts, out of 3000000 for 9000
 14 hyphenation exceptions out of 8191
 37i,6n,61p,285b,1545s stack positions out of 5000i,500n,10000p,200000b,50000s
{/usr/share/texlive/texmf-dist/fonts/enc/dvips/base/8r.enc}</usr/share/texliv
e/texmf-dist/fonts/type1/public/amsfonts/cm/cmbx10.pfb></usr/share/texlive/texm
f-dist/fonts/type1/public/amsfonts/cm/cmbx12.pfb></usr/share/texlive/texmf-dist
/fonts/type1/public/amsfonts/cm/cmex10.pfb></usr/share/texlive/texmf-dist/fonts
/type1/public/amsfonts/cm/cmmi10.pfb></usr/share/texlive/texmf-dist/fonts/type1
/public/amsfonts/cm/cmmi5.pfb></usr/share/texlive/texmf-dist/fonts/type1/public
/amsfonts/cm/cmmi7.pfb></usr/share/texlive/texmf-dist/fonts/type1/public/amsfon
ts/cm/cmr10.pfb></usr/share/texlive/texmf-dist/fonts/type1/public/amsfonts/cm/c
mr12.pfb></usr/share/texlive/texmf-dist/fonts/type1/public/amsfonts/cm/cmr5.pfb
></usr/share/texlive/texmf-dist/fonts/type1/public/amsfonts/cm/cmr7.pfb></usr/s
hare/texlive/texmf-dist/fonts/type1/public/amsfonts/cm/cmr8.pfb></usr/share/tex
live/texmf-dist/fonts/type1/public/amsfonts/cm/cmsy10.pfb></usr/share/texlive/t
exmf-dist/fonts/type1/public/amsfonts/cm/cmsy7.pfb></usr/share/texlive/texmf-di
st/fonts/type1/urw/courier/ucrr8a.pfb></usr/share/texlive/texmf-dist/fonts/type
1/urw/courier/ucrro8a.pfb>
Output written on Codebook.pdf (52 pages, 458245 bytes).
PDF statistics:
 235 PDF objects out of 1000 (max. 8388607)
 163 compressed objects within 2 object streams
 0 named destinations out of 1000 (max. 500000)
 6 words of extra memory for PDF output out of 10000 (max. 10000000)

